<?xml version="1.0" encoding="UTF-8"?>
<!-- Generated by org.testng.reporters.JUnitXMLReporter -->
<testsuite hostname="LAPTOP-3L5DI794" name="AddCourseTest" tests="14" failures="3" timestamp="18 Jan 2021 10:21:29 GMT" time="227.657" errors="0">
  <testcase name="addCourseTestIncompleteDetails" time="1.056" classname="TestScripts.AddCourseTest"/>
  <testcase name="addCourseTest" time="28.302" classname="TestScripts.AddCourseTest"/>
  <testcase name="addLATTest" time="30.245" classname="TestScripts.AddLATTest"/>
  <testcase name="addLATIncorrectDetails" time="4.879" classname="TestScripts.AddLATTest"/>
  <testcase name="deleteLAT" time="6.234" classname="TestScripts.AddLATTest"/>
  <testcase name="addPVODataTest" time="30.341" classname="TestScripts.PVOTest"/>
  <testcase name="addPVOScoreBasedTest" time="5.394" classname="TestScripts.PVOTest"/>
  <testcase name="FAQUpdateTest" time="30.286" classname="TestScripts.FAQTest"/>
  <testcase name="FAQDeleteTest" time="10.407" classname="TestScripts.FAQTest">
    <failure type="java.lang.AssertionError" message="expected [true] but found [false]">
      <![CDATA[java.lang.AssertionError: expected [true] but found [false]
	at TestScripts.FAQTest.FAQDeleteTest(FAQTest.java:94)
... Removed 29 stack frames]]>
    </failure>
  </testcase> <!-- FAQDeleteTest -->
  <testcase name="addATADataTest" time="30.259" classname="TestScripts.ATATest">
    <failure type="java.lang.AssertionError" message="expected [true] but found [false]">
      <![CDATA[java.lang.AssertionError: expected [true] but found [false]
	at TestScripts.ATATest.addATADataTest(ATATest.java:72)
... Removed 29 stack frames]]>
    </failure>
  </testcase> <!-- addATADataTest -->
  <testcase name="addSnippetPageTest" time="11.742" classname="TestScripts.ATATest"/>
  <testcase name="AssociatedPageAddFileDataTest" time="30.39" classname="TestScripts.AssociatedFilesTest"/>
  <testcase name="AssociatedPageAddIncompleteFileDataTest" time="6.029" classname="TestScripts.AssociatedFilesTest"/>
  <testcase name="awardsClearAllTest" time="1.025" classname="TestScripts.AwardsTest">
    <failure type="org.openqa.selenium.NoSuchElementException" message="no such element: Unable to locate element: {&amp;quot;method&amp;quot;:&amp;quot;xpath&amp;quot;,&amp;quot;selector&amp;quot;:&amp;quot;//a[contains(text(),&amp;apos;Content&amp;apos;)]&amp;quot;}
  (Session info: chrome=87.0.4280.141)
For documentation on this error, please visit: https://www.seleniumhq.org/exceptions/no_such_element.html
Build info: version: &amp;apos;3.141.59&amp;apos;, revision: &amp;apos;e82be7d358&amp;apos;, time: &amp;apos;2018-11-14T08:17:03&amp;apos;
System info: host: &amp;apos;LAPTOP-3L5DI794&amp;apos;, ip: &amp;apos;192.168.194.226&amp;apos;, os.name: &amp;apos;Windows 10&amp;apos;, os.arch: &amp;apos;amd64&amp;apos;, os.version: &amp;apos;10.0&amp;apos;, java.version: &amp;apos;1.8.0_251&amp;apos;
Driver info: org.openqa.selenium.chrome.ChromeDriver
Capabilities {acceptInsecureCerts: false, browserName: chrome, browserVersion: 87.0.4280.141, chrome: {chromedriverVersion: 87.0.4280.88 (89e2380a3e36c..., userDataDir: C:\Users\ASHWIN~1\AppData\L...}, goog:chromeOptions: {debuggerAddress: localhost:62849}, javascriptEnabled: true, networkConnectionEnabled: false, pageLoadStrategy: normal, platform: WINDOWS, platformName: WINDOWS, proxy: Proxy(), setWindowRect: true, strictFileInteractability: false, timeouts: {implicit: 0, pageLoad: 300000, script: 30000}, unhandledPromptBehavior: dismiss and notify, webauthn:virtualAuthenticators: true}
Session ID: a091bd030855e3b672bdde6216d3e180
*** Element info: {Using=xpath, value=//a[contains(text(),&amp;apos;Content&amp;apos;)]}">
      <![CDATA[org.openqa.selenium.NoSuchElementException: no such element: Unable to locate element: {"method":"xpath","selector":"//a[contains(text(),'Content')]"}
  (Session info: chrome=87.0.4280.141)
For documentation on this error, please visit: https://www.seleniumhq.org/exceptions/no_such_element.html
Build info: version: '3.141.59', revision: 'e82be7d358', time: '2018-11-14T08:17:03'
System info: host: 'LAPTOP-3L5DI794', ip: '192.168.194.226', os.name: 'Windows 10', os.arch: 'amd64', os.version: '10.0', java.version: '1.8.0_251'
Driver info: org.openqa.selenium.chrome.ChromeDriver
Capabilities {acceptInsecureCerts: false, browserName: chrome, browserVersion: 87.0.4280.141, chrome: {chromedriverVersion: 87.0.4280.88 (89e2380a3e36c..., userDataDir: C:\Users\ASHWIN~1\AppData\L...}, goog:chromeOptions: {debuggerAddress: localhost:62849}, javascriptEnabled: true, networkConnectionEnabled: false, pageLoadStrategy: normal, platform: WINDOWS, platformName: WINDOWS, proxy: Proxy(), setWindowRect: true, strictFileInteractability: false, timeouts: {implicit: 0, pageLoad: 300000, script: 30000}, unhandledPromptBehavior: dismiss and notify, webauthn:virtualAuthenticators: true}
Session ID: a091bd030855e3b672bdde6216d3e180
*** Element info: {Using=xpath, value=//a[contains(text(),'Content')]}
	at org.openqa.selenium.remote.http.W3CHttpResponseCodec.createException(W3CHttpResponseCodec.java:187)
	at org.openqa.selenium.remote.http.W3CHttpResponseCodec.decode(W3CHttpResponseCodec.java:122)
	at org.openqa.selenium.remote.http.W3CHttpResponseCodec.decode(W3CHttpResponseCodec.java:49)
	at org.openqa.selenium.remote.HttpCommandExecutor.execute(HttpCommandExecutor.java:158)
	at org.openqa.selenium.remote.service.DriverCommandExecutor.execute(DriverCommandExecutor.java:83)
	at org.openqa.selenium.remote.RemoteWebDriver.execute(RemoteWebDriver.java:552)
	at org.openqa.selenium.remote.RemoteWebDriver.findElement(RemoteWebDriver.java:323)
	at org.openqa.selenium.remote.RemoteWebDriver.findElementByXPath(RemoteWebDriver.java:428)
	at org.openqa.selenium.By$ByXPath.findElement(By.java:353)
	at org.openqa.selenium.remote.RemoteWebDriver.findElement(RemoteWebDriver.java:315)
	at org.openqa.selenium.support.pagefactory.DefaultElementLocator.findElement(DefaultElementLocator.java:69)
	at org.openqa.selenium.support.pagefactory.internal.LocatingElementHandler.invoke(LocatingElementHandler.java:38)
	at com.sun.proxy.$Proxy13.click(Unknown Source)
	at TestScripts.AwardsTest.awardsClearAllTest(AwardsTest.java:96)
... Removed 28 stack frames]]>
    </failure>
  </testcase> <!-- awardsClearAllTest -->
</testsuite> <!-- AddCourseTest -->
